[2018/09/25 23:20:09 CST] [INFO] (ngrok/log.Info:112) Reading configuration file debug.yml
[2018/09/25 23:20:09 CST] [INFO] (ngrok/log.(*PrefixLogger).Info:83) [client] Trusting root CAs: [assets/client/tls/ngrokroot.crt assets/client/tls/snakeoilca.crt]
[2018/09/25 23:20:09 CST] [INFO] (ngrok/log.(*PrefixLogger).Info:83) [view] [web] Serving web interface on 127.0.0.1:4040
[2018/09/25 23:20:09 CST] [DEBG] (ngrok/log.(*PrefixLogger).Debug:79) [view] [term] Waiting for update
[2018/09/25 23:20:09 CST] [DEBG] (ngrok/log.(*PrefixLogger).Debug:79) [ctl:233fec01] New connection to: 127.0.0.1:4443
[2018/09/25 23:20:09 CST] [DEBG] (ngrok/log.(*PrefixLogger).Debug:79) [ctl:233fec01] Writing message: {"Type":"Auth","Payload":{"Version":"2","MmVersion":"1.7","User":"10e5d4fe2a951ff76f2cfff2eb5de5c5","Password":"","OS":"darwin","Arch":"amd64","ClientId":""}}
[2018/09/25 23:20:09 CST] [DEBG] (ngrok/log.(*PrefixLogger).Debug:79) [ctl:233fec01] Waiting to read message
[2018/09/25 23:21:09 CST] [DEBG] (ngrok/log.(*PrefixLogger).Debug:79) [ctl:233fec01] Closing
[2018/09/25 23:21:09 CST] [EROR] (ngrok/log.Error:120) control recovering from failure EOF
[2018/09/25 23:21:09 CST] [INFO] (ngrok/log.Info:112) Waiting 1 seconds before reconnecting
[2018/09/25 23:21:10 CST] [DEBG] (ngrok/log.(*PrefixLogger).Debug:79) [view] [term] Waiting for update
[2018/09/25 23:21:10 CST] [EROR] (ngrok/log.Error:120) control recovering from failure dial tcp 127.0.0.1:4443: connect: connection refused
[2018/09/25 23:21:10 CST] [INFO] (ngrok/log.Info:112) Waiting 2 seconds before reconnecting
[2018/09/25 23:21:12 CST] [DEBG] (ngrok/log.(*PrefixLogger).Debug:79) [view] [term] Waiting for update
[2018/09/25 23:21:12 CST] [EROR] (ngrok/log.Error:120) control recovering from failure dial tcp 127.0.0.1:4443: connect: connection refused
[2018/09/25 23:21:12 CST] [INFO] (ngrok/log.Info:112) Waiting 4 seconds before reconnecting
[2018/09/25 23:21:16 CST] [DEBG] (ngrok/log.(*PrefixLogger).Debug:79) [view] [term] Waiting for update
[2018/09/25 23:21:16 CST] [DEBG] (ngrok/log.(*PrefixLogger).Debug:79) [ctl:654b996] New connection to: 127.0.0.1:4443
[2018/09/25 23:21:16 CST] [DEBG] (ngrok/log.(*PrefixLogger).Debug:79) [ctl:654b996] Writing message: {"Type":"Auth","Payload":{"Version":"2","MmVersion":"1.7","User":"10e5d4fe2a951ff76f2cfff2eb5de5c5","Password":"","OS":"darwin","Arch":"amd64","ClientId":""}}
[2018/09/25 23:21:16 CST] [DEBG] (ngrok/log.(*PrefixLogger).Debug:79) [ctl:654b996] Waiting to read message
[2018/09/25 23:21:16 CST] [DEBG] (ngrok/log.(*PrefixLogger).Debug:79) [ctl:654b996] Reading message with length: 120
[2018/09/25 23:21:16 CST] [DEBG] (ngrok/log.(*PrefixLogger).Debug:79) [ctl:654b996] Read message {"Type":"AuthResp","Payload":{"Version":"2","MmVersion":"1.7","ClientId":"e9a1845046716502ca822cb2a58b90c5","Error":""}}
[2018/09/25 23:21:16 CST] [INFO] (ngrok/log.(*PrefixLogger).Info:83) [client] Authenticated with server, client id: e9a1845046716502ca822cb2a58b90c5
[2018/09/25 23:21:16 CST] [DEBG] (ngrok/log.(*PrefixLogger).Debug:79) [view] [term] Waiting for update
[2018/09/25 23:21:16 CST] [DEBG] (ngrok/log.(*PrefixLogger).Debug:79) [ctl:654b996] Writing message: {"Type":"ReqTunnel","Payload":{"ReqId":"83a7a8f34aeb3ab1","Protocol":"http+https","Hostname":"","Subdomain":"test","HttpAuth":"","RemotePort":0}}
[2018/09/25 23:21:16 CST] [DEBG] (ngrok/log.(*PrefixLogger).Debug:79) [ctl:654b996] Waiting to read message
[2018/09/25 23:21:16 CST] [DEBG] (ngrok/log.(*PrefixLogger).Debug:79) [ctl:654b996] Reading message with length: 32
[2018/09/25 23:21:16 CST] [DEBG] (ngrok/log.(*PrefixLogger).Debug:79) [ctl:654b996] Read message {"Type":"ReqProxy","Payload":{}}
[2018/09/25 23:21:16 CST] [DEBG] (ngrok/log.(*PrefixLogger).Debug:79) [ctl:654b996] Waiting to read message
[2018/09/25 23:21:16 CST] [DEBG] (ngrok/log.(*PrefixLogger).Debug:79) [ctl:654b996] Reading message with length: 117
[2018/09/25 23:21:16 CST] [DEBG] (ngrok/log.(*PrefixLogger).Debug:79) [ctl:654b996] Read message {"Type":"NewTunnel","Payload":{"ReqId":"83a7a8f34aeb3ab1","Url":"http://test.ngrok.me","Protocol":"http","Error":""}}
[2018/09/25 23:21:16 CST] [INFO] (ngrok/log.(*PrefixLogger).Info:83) [client] Tunnel established at http://test.ngrok.me
[2018/09/25 23:21:16 CST] [DEBG] (ngrok/log.(*PrefixLogger).Debug:79) [ctl:654b996] Waiting to read message
[2018/09/25 23:21:16 CST] [DEBG] (ngrok/log.(*PrefixLogger).Debug:79) [ctl:654b996] Reading message with length: 119
[2018/09/25 23:21:16 CST] [DEBG] (ngrok/log.(*PrefixLogger).Debug:79) [ctl:654b996] Read message {"Type":"NewTunnel","Payload":{"ReqId":"83a7a8f34aeb3ab1","Url":"https://test.ngrok.me","Protocol":"https","Error":""}}
[2018/09/25 23:21:16 CST] [INFO] (ngrok/log.(*PrefixLogger).Info:83) [client] Tunnel established at https://test.ngrok.me
[2018/09/25 23:21:16 CST] [DEBG] (ngrok/log.(*PrefixLogger).Debug:79) [ctl:654b996] Waiting to read message
[2018/09/25 23:21:16 CST] [DEBG] (ngrok/log.(*PrefixLogger).Debug:79) [view] [term] Waiting for update
[2018/09/25 23:21:16 CST] [DEBG] (ngrok/log.(*PrefixLogger).Debug:79) [pxy:4efdc039] New connection to: 127.0.0.1:4443
[2018/09/25 23:21:16 CST] [DEBG] (ngrok/log.(*PrefixLogger).Debug:79) [pxy:4efdc039] Writing message: {"Type":"RegProxy","Payload":{"ClientId":"e9a1845046716502ca822cb2a58b90c5"}}
[2018/09/25 23:21:16 CST] [DEBG] (ngrok/log.(*PrefixLogger).Debug:79) [view] [term] Waiting for update
[2018/09/25 23:21:16 CST] [DEBG] (ngrok/log.(*PrefixLogger).Debug:79) [pxy:4efdc039] Waiting to read message
[2018/09/25 23:21:36 CST] [DEBG] (ngrok/log.(*PrefixLogger).Debug:79) [ctl:654b996] Writing message: {"Type":"Ping","Payload":{}}
[2018/09/25 23:21:36 CST] [DEBG] (ngrok/log.(*PrefixLogger).Debug:79) [ctl:654b996] Reading message with length: 28
[2018/09/25 23:21:36 CST] [DEBG] (ngrok/log.(*PrefixLogger).Debug:79) [ctl:654b996] Read message {"Type":"Pong","Payload":{}}
[2018/09/25 23:21:36 CST] [DEBG] (ngrok/log.(*PrefixLogger).Debug:79) [ctl:654b996] Waiting to read message
[2018/09/25 23:21:56 CST] [DEBG] (ngrok/log.(*PrefixLogger).Debug:79) [ctl:654b996] Writing message: {"Type":"Ping","Payload":{}}
[2018/09/25 23:21:56 CST] [DEBG] (ngrok/log.(*PrefixLogger).Debug:79) [ctl:654b996] Reading message with length: 28
[2018/09/25 23:21:56 CST] [DEBG] (ngrok/log.(*PrefixLogger).Debug:79) [ctl:654b996] Read message {"Type":"Pong","Payload":{}}
[2018/09/25 23:21:56 CST] [DEBG] (ngrok/log.(*PrefixLogger).Debug:79) [ctl:654b996] Waiting to read message
[2018/09/25 23:22:03 CST] [INFO] (ngrok/log.(*PrefixLogger).Info:83) [view] [term] Got quit command
[2018/09/25 23:22:03 CST] [INFO] (ngrok/log.(*PrefixLogger).Info:83) [controller] Shutting down
